  C R Y S O L    Version 2.8.3  -- 04/10/12
 
 
 -- Program  started  at   21-Feb-2019   14:58:23--
 
 --------  Real space resolution and grid  -------- 
 
  Maximum order of harmonics ............................ : 15
  Order of Fibonacci grid ............................... : 17
  Total number of directions ............................ : 2585
 
 ------------  Reciprocal space grid  -------------
 
   in s = 4*pi*sin(theta)/lambda [1/angstrom] 
  Maximum scattering angle .............................. : 0.5000
  Number of angular points .............................. : 51
 
 --- Structural parameters (sizes in angstroms) --- 
 
 PDB file name ......................... : /home/petrahrozkova/Dokumenty/ensemble-fit_docker_version/data/crysol_curves/mod02.pdb
  Number of atoms read .................................. : 1284
  Number of discarded hydrogens ......................... : 1265
 Geometric Center:  -20.016   20.194    3.543
  Number of C ........................................... : 801
  Number of N ........................................... : 228
  Number of O ........................................... : 249
  Number of S ........................................... : 6
 Center of the excess electron density: -0.419  0.067  0.020
 Electron   Rg   :  17.06       Envelope   Rg      :  17.53    
 Shape      Rg   :  17.09       Envelope  volume   : 0.2731E+05
 Shell    volume : 0.1424E+05   Envelope  surface  :  4058.    
 Shell      Rg   :  22.27       Envelope  radius   :  41.04    
 Shell    width  :  3.000       Envelope  diameter :  69.14    
 Molecular Weight: 0.1827E+05   Dry volume         : 0.2214E+05
 Displaced volume: 0.2264E+05   Average atomic rad.:  1.615    
 Number of residuals :     161
 
 -- No data fitting, parameters entered manually --
 
 Solvent density ........................................ : 0.3340
 Contrast of the solvation shell ........................ : 3.000E-02
 Average atomic radius .................................. : 1.615
 Excluded Volume ........................................ : 2.2635E+04
 Average atomic volume .................................. : 17.63
 Rg ( Atoms - Excluded volume + Shell ) ................. : 18.03
 Rg from the slope of net intensity ..................... : 18.90
 Average electron density ............................... : 0.4309
  
 ----------------  Output files  ------------------
  
 Intensities    saved to file mod0200.int
 Net amplitudes saved to file mod0200.alm
 
  C R Y S O L    Version 2.8.3  -- 04/10/12 ----  terminated at   21-Feb-2019   14:58:23--
